<?xml version="1.0" encoding="UTF-8"?>
<testsuite xmlns:xsi="http://www.w3.org/2001/XMLSchema-instance" xsi:noNamespaceSchemaLocation="https://maven.apache.org/surefire/maven-surefire-plugin/xsd/surefire-test-report.xsd" version="3.0.2" name="TestSuite" time="17.765" tests="2" errors="0" skipped="0" failures="0">
  <properties>
[...]
</properties>
  <testcase name="verify_account_retistration" classname="testCases.TC001_AccountRegistrationTest" time="2.917">
    <system-out><![CDATA[ INFO [main] (TC001_AccountRegistrationTest.java:15)- *****Starting TC001_AccountRegistrationTest ***
 INFO [main] (TC001_AccountRegistrationTest.java:21)- Clickied on MyAccount Link
 INFO [main] (TC001_AccountRegistrationTest.java:23)- Clicked on Register Link
 INFO [main] (TC001_AccountRegistrationTest.java:26)- Providing customer details..
 INFO [main] (TC001_AccountRegistrationTest.java:37)- clicked on continue
 INFO [main] (TC001_AccountRegistrationTest.java:40)- Validating expected message..
 INFO [main] (TC001_AccountRegistrationTest.java:52)- Finished TC001_AccountRegistrationTest
]]></system-out>
    <system-err><![CDATA[SLF4J: Failed to load class "org.slf4j.impl.StaticLoggerBinder".
SLF4J: Defaulting to no-operation (NOP) logger implementation
SLF4J: See http://www.slf4j.org/codes.html#StaticLoggerBinder for further details.
Aug 30, 2024 10:15:53 AM org.openqa.selenium.devtools.CdpVersionFinder findNearestMatch
WARNING: Unable to find an exact match for CDP version 128, returning the closest version; found: 126; Please update to a Selenium version that supports CDP version 128
]]></system-err>
  </testcase>
  <testcase name="verity_Login" classname="testCases.TC002_LoginTest" time="4.525">
    <system-out><![CDATA[ INFO [main] (TC002_LoginTest.java:17)- *****Starting TC002_LoginTest****
 INFO [main] (TC002_LoginTest.java:43)- ******FInished TC002_LoginTest****
]]></system-out>
    <system-err><![CDATA[Aug 30, 2024 10:16:01 AM org.openqa.selenium.devtools.CdpVersionFinder findNearestMatch
WARNING: Unable to find an exact match for CDP version 128, returning the closest version; found: 126; Please update to a Selenium version that supports CDP version 128
]]></system-err>
  </testcase>
</testsuite>