<?xml version="1.0" encoding="UTF-8"?>
<testng-results ignored="0" total="2" passed="2" failed="0" skipped="0">
  <reporter-output>
  </reporter-output>
  <suite started-at="2024-08-30T09:14:34 CDT" name="Suite" finished-at="2024-08-30T09:14:53 CDT" duration-ms="19391">
    <groups>
      <group name="Master">
        <method signature="TC001_AccountRegistrationTest.verify_account_retistration()[pri:0, instance:testCases.TC001_AccountRegistrationTest@75437611]" name="verify_account_retistration" class="testCases.TC001_AccountRegistrationTest"/>
        <method signature="TC002_LoginTest.verity_Login()[pri:0, instance:testCases.TC002_LoginTest@4c60d6e9]" name="verity_Login" class="testCases.TC002_LoginTest"/>
      </group> <!-- Master -->
      <group name="Sanity">
        <method signature="TC002_LoginTest.verity_Login()[pri:0, instance:testCases.TC002_LoginTest@4c60d6e9]" name="verity_Login" class="testCases.TC002_LoginTest"/>
      </group> <!-- Sanity -->
      <group name="Regression">
        <method signature="TC001_AccountRegistrationTest.verify_account_retistration()[pri:0, instance:testCases.TC001_AccountRegistrationTest@75437611]" name="verify_account_retistration" class="testCases.TC001_AccountRegistrationTest"/>
      </group> <!-- Regression -->
    </groups>
    <test started-at="2024-08-30T09:14:34 CDT" name="Test" finished-at="2024-08-30T09:14:53 CDT" duration-ms="19391">
      <class name="testCases.TC002_LoginTest">
        <test-method is-config="true" signature="setup(java.lang.String,java.lang.String)[pri:0, instance:testCases.TC002_LoginTest@4c60d6e9]" started-at="2024-08-30T09:14:44 CDT" name="setup" finished-at="2024-08-30T09:14:49 CDT" duration-ms="4319" status="PASS">
          <params>
            <param index="0">
              <value>
                <![CDATA[Windows]]>
              </value>
            </param>
            <param index="1">
              <value>
                <![CDATA[chrome]]>
              </value>
            </param>
          </params>
          <reporter-output>
          </reporter-output>
        </test-method> <!-- setup -->
        <test-method signature="verity_Login()[pri:0, instance:testCases.TC002_LoginTest@4c60d6e9]" started-at="2024-08-30T09:14:49 CDT" name="verity_Login" finished-at="2024-08-30T09:14:53 CDT" duration-ms="4682" status="PASS">
          <reporter-output>
          </reporter-output>
        </test-method> <!-- verity_Login -->
        <test-method is-config="true" signature="tearDown()[pri:0, instance:testCases.TC002_LoginTest@4c60d6e9]" started-at="2024-08-30T09:14:53 CDT" name="tearDown" finished-at="2024-08-30T09:14:53 CDT" duration-ms="166" status="PASS">
          <reporter-output>
          </reporter-output>
        </test-method> <!-- tearDown -->
      </class> <!-- testCases.TC002_LoginTest -->
      <class name="testCases.TC001_AccountRegistrationTest">
        <test-method is-config="true" signature="setup(java.lang.String,java.lang.String)[pri:0, instance:testCases.TC001_AccountRegistrationTest@75437611]" started-at="2024-08-30T09:14:34 CDT" name="setup" finished-at="2024-08-30T09:14:41 CDT" duration-ms="6267" status="PASS">
          <params>
            <param index="0">
              <value>
                <![CDATA[Windows]]>
              </value>
            </param>
            <param index="1">
              <value>
                <![CDATA[chrome]]>
              </value>
            </param>
          </params>
          <reporter-output>
          </reporter-output>
        </test-method> <!-- setup -->
        <test-method signature="verify_account_retistration()[pri:0, instance:testCases.TC001_AccountRegistrationTest@75437611]" started-at="2024-08-30T09:14:41 CDT" name="verify_account_retistration" finished-at="2024-08-30T09:14:44 CDT" duration-ms="3416" status="PASS">
          <reporter-output>
          </reporter-output>
        </test-method> <!-- verify_account_retistration -->
        <test-method is-config="true" signature="tearDown()[pri:0, instance:testCases.TC001_AccountRegistrationTest@75437611]" started-at="2024-08-30T09:14:44 CDT" name="tearDown" finished-at="2024-08-30T09:14:44 CDT" duration-ms="199" status="PASS">
          <reporter-output>
          </reporter-output>
        </test-method> <!-- tearDown -->
      </class> <!-- testCases.TC001_AccountRegistrationTest -->
    </test> <!-- Test -->
  </suite> <!-- Suite -->
</testng-results>
